[  116607ms] [WARNING] [Vue warn]: Invalid prop: type check failed for prop "socketId". Expected String with value "undefined", got Undefined  
  at <UserAvatar key=undefined socket-id=undefined color=undefined  ... > 
  at <TopBar active-file-name="main.js" users= Map(3) output-pane-visible=false  ... > 
  at <EditorShell key=1 files= [Object] active-file-id=1  ... > 
  at <App> @ http://localhost:5174/node_modules/.vite/deps/chunk-MIDCWL3Q.js?v=7147f904:2326
[  116607ms] [WARNING] [Vue warn]: Invalid prop: type check failed for prop "color". Expected String with value "undefined", got Undefined  
  at <UserAvatar key=undefined socket-id=undefined color=undefined  ... > 
  at <TopBar active-file-name="main.js" users= Map(3) output-pane-visible=false  ... > 
  at <EditorShell key=1 files= [Object] active-file-id=1  ... > 
  at <App> @ http://localhost:5174/node_modules/.vite/deps/chunk-MIDCWL3Q.js?v=7147f904:2326
[  116608ms] [WARNING] [Vue warn]: Unhandled error during execution of render function 
  at <Primitive key=0 as-child=false as="span"  ... > 
  at <AvatarFallback asChild=false delayMs=undefined as=undefined  ... > 
  at <AvatarFallback class="text-xs font-semibold text-white" style= {backgroundColor: undefined} > 
  at <Primitive as-child=false as="span" class="inline-flex items-center justify-center font-normal text-foreground select-none shrink-0 bg-secondary overflow-hidden text-xs rounded-full h-8 w-8 border-2"  ... > 
  at <AvatarRoot class="inline-flex items-center justify-center font-normal text-foreground select-none shrink-0 bg-secondary overflow-hidden text-xs rounded-full h-8 w-8 border-2" style= {backgroundColor: undefined, borderColor: hsl(var(--border))} title=undefined > 
  at <Avatar class="h-8 w-8 border-2" style= {backgroundColor: undefined, borderColor: hsl(var(--border))} title=undefined > 
  at <UserAvatar key=undefined socket-id=undefined color=undefined  ... > 
  at <TopBar active-file-name="main.js" users= Map(3) output-pane-visible=false  ... > 
  at <EditorShell key=1 files= [Object] active-file-id=1  ... > 
  at <App> @ http://localhost:5174/node_modules/.vite/deps/chunk-MIDCWL3Q.js?v=7147f904:2326
[  116609ms] [WARNING] [Vue warn]: Unhandled error during execution of component update 
  at <TopBar active-file-name="main.js" users= Map(3) output-pane-visible=false  ... > 
  at <EditorShell key=1 files= [Object] active-file-id=1  ... > 
  at <App> @ http://localhost:5174/node_modules/.vite/deps/chunk-MIDCWL3Q.js?v=7147f904:2326
[  116610ms] [WARNING] [Vue warn]: Unhandled error during execution of component update 
  at <App> @ http://localhost:5174/node_modules/.vite/deps/chunk-MIDCWL3Q.js?v=7147f904:2326
[  116610ms] [WARNING] [Vue warn]: Invalid prop: type check failed for prop "socketId". Expected String with value "undefined", got Undefined  
  at <UserAvatar key=undefined socket-id=undefined color=undefined  ... > 
  at <TopBar active-file-name="main.js" users= Map(3) output-pane-visible=false  ... > 
  at <EditorShell key=1 files= [Object] active-file-id=1  ... > 
  at <App> @ http://localhost:5174/node_modules/.vite/deps/chunk-MIDCWL3Q.js?v=7147f904:2326
[  116610ms] [WARNING] [Vue warn]: Invalid prop: type check failed for prop "color". Expected String with value "undefined", got Undefined  
  at <UserAvatar key=undefined socket-id=undefined color=undefined  ... > 
  at <TopBar active-file-name="main.js" users= Map(3) output-pane-visible=false  ... > 
  at <EditorShell key=1 files= [Object] active-file-id=1  ... > 
  at <App> @ http://localhost:5174/node_modules/.vite/deps/chunk-MIDCWL3Q.js?v=7147f904:2326
[  116611ms] [WARNING] [Vue warn]: Unhandled error during execution of render function 
  at <Primitive key=0 as-child=false as="span"  ... > 
  at <AvatarFallback asChild=false delayMs=undefined as=undefined  ... > 
  at <AvatarFallback class="text-xs font-semibold text-white" style= {backgroundColor: undefined} > 
  at <Primitive as-child=false as="span" class="inline-flex items-center justify-center font-normal text-foreground select-none shrink-0 bg-secondary overflow-hidden text-xs rounded-full h-8 w-8 border-2"  ... > 
  at <AvatarRoot class="inline-flex items-center justify-center font-normal text-foreground select-none shrink-0 bg-secondary overflow-hidden text-xs rounded-full h-8 w-8 border-2" style= {backgroundColor: undefined, borderColor: hsl(var(--border))} title=undefined > 
  at <Avatar class="h-8 w-8 border-2" style= {backgroundColor: undefined, borderColor: hsl(var(--border))} title=undefined > 
  at <UserAvatar key=undefined socket-id=undefined color=undefined  ... > 
  at <TopBar active-file-name="main.js" users= Map(3) output-pane-visible=false  ... > 
  at <EditorShell key=1 files= [Object] active-file-id=1  ... > 
  at <App> @ http://localhost:5174/node_modules/.vite/deps/chunk-MIDCWL3Q.js?v=7147f904:2326
[  116611ms] [WARNING] [Vue warn]: Unhandled error during execution of component update 
  at <TopBar active-file-name="main.js" users= Map(3) output-pane-visible=false  ... > 
  at <EditorShell key=1 files= [Object] active-file-id=1  ... > 
  at <App> @ http://localhost:5174/node_modules/.vite/deps/chunk-MIDCWL3Q.js?v=7147f904:2326
[  116613ms] TypeError: Cannot read properties of undefined (reading 'substring')
    at ComputedRefImpl.fn (http://localhost:5174/src/components/UserAvatar.vue:31:29)
    at refreshComputed (http://localhost:5174/node_modules/.vite/deps/chunk-MIDCWL3Q.js?v=7147f904:837:29)
    at get value (http://localhost:5174/node_modules/.vite/deps/chunk-MIDCWL3Q.js?v=7147f904:2039:5)
    at unref (http://localhost:5174/node_modules/.vite/deps/chunk-MIDCWL3Q.js?v=7147f904:1912:30)
    at Object.get (http://localhost:5174/node_modules/.vite/deps/chunk-MIDCWL3Q.js?v=7147f904:1918:64)
    at http://localhost:5174/src/components/UserAvatar.vue:71:39
    at renderFnWithContext (http://localhost:5174/node_modules/.vite/deps/chunk-MIDCWL3Q.js?v=7147f904:2978:13)
    at renderSlot (http://localhost:5174/node_modules/.vite/deps/chunk-MIDCWL3Q.js?v=7147f904:5346:53)
    at http://localhost:5174/src/components/ui/avatar/AvatarFallback.vue:39:9
    at renderFnWithContext (http://localhost:5174/node_modules/.vite/deps/chunk-MIDCWL3Q.js?v=7147f904:2978:13)
[  116613ms] TypeError: Cannot destructure property 'type' of 'vnode' as it is null.
    at unmount (http://localhost:5174/node_modules/.vite/deps/chunk-MIDCWL3Q.js?v=7147f904:8203:7)
    at unmountComponent (http://localhost:5174/node_modules/.vite/deps/chunk-MIDCWL3Q.js?v=7147f904:8340:7)
    at unmount (http://localhost:5174/node_modules/.vite/deps/chunk-MIDCWL3Q.js?v=7147f904:8235:7)
    at unmountComponent (http://localhost:5174/node_modules/.vite/deps/chunk-MIDCWL3Q.js?v=7147f904:8340:7)
    at unmount (http://localhost:5174/node_modules/.vite/deps/chunk-MIDCWL3Q.js?v=7147f904:8235:7)
    at unmountComponent (http://localhost:5174/node_modules/.vite/deps/chunk-MIDCWL3Q.js?v=7147f904:8340:7)
    at unmount (http://localhost:5174/node_modules/.vite/deps/chunk-MIDCWL3Q.js?v=7147f904:8235:7)
    at unmountChildren (http://localhost:5174/node_modules/.vite/deps/chunk-MIDCWL3Q.js?v=7147f904:8354:7)
    at unmount (http://localhost:5174/node_modules/.vite/deps/chunk-MIDCWL3Q.js?v=7147f904:8267:9)
    at unmountChildren (http://localhost:5174/node_modules/.vite/deps/chunk-MIDCWL3Q.js?v=7147f904:8354:7)
[  116614ms] TypeError: Cannot read properties of undefined (reading 'substring')
    at ComputedRefImpl.fn (http://localhost:5174/src/components/UserAvatar.vue:31:29)
    at refreshComputed (http://localhost:5174/node_modules/.vite/deps/chunk-MIDCWL3Q.js?v=7147f904:837:29)
    at get value (http://localhost:5174/node_modules/.vite/deps/chunk-MIDCWL3Q.js?v=7147f904:2039:5)
    at unref (http://localhost:5174/node_modules/.vite/deps/chunk-MIDCWL3Q.js?v=7147f904:1912:30)
    at Object.get (http://localhost:5174/node_modules/.vite/deps/chunk-MIDCWL3Q.js?v=7147f904:1918:64)
    at http://localhost:5174/src/components/UserAvatar.vue:71:39
    at renderFnWithContext (http://localhost:5174/node_modules/.vite/deps/chunk-MIDCWL3Q.js?v=7147f904:2978:13)
    at renderSlot (http://localhost:5174/node_modules/.vite/deps/chunk-MIDCWL3Q.js?v=7147f904:5346:53)
    at http://localhost:5174/src/components/ui/avatar/AvatarFallback.vue:39:9
    at renderFnWithContext (http://localhost:5174/node_modules/.vite/deps/chunk-MIDCWL3Q.js?v=7147f904:2978:13)
[  146088ms] [ERROR] TypeError: Cannot destructure property 'type' of 'vnode' as it is null.
    at unmount (http://localhost:5174/node_modules/.vite/deps/chunk-MIDCWL3Q.js?v=7147f904:8203:7)
    at unmountComponent (http://localhost:5174/node_modules/.vite/deps/chunk-MIDCWL3Q.js?v=7147f904:8340:7)
    at unmount (http://localhost:5174/node_modules/.vite/deps/chunk-MIDCWL3Q.js?v=7147f904:8235:7)
    at unmountComponent (http://localhost:5174/node_modules/.vite/deps/chunk-MIDCWL3Q.js?v=7147f904:8340:7)
    at unmount (http://localhost:5174/node_modules/.vite/deps/chunk-MIDCWL3Q.js?v=7147f904:8235:7)
    at unmountComponent (http://localhost:5174/node_modules/.vite/deps/chunk-MIDCWL3Q.js?v=7147f904:8340:7)
    at unmount (http://localhost:5174/node_modules/.vite/deps/chunk-MIDCWL3Q.js?v=7147f904:8235:7)
    at unmountChildren (http://localhost:5174/node_modules/.vite/deps/chunk-MIDCWL3Q.js?v=7147f904:8354:7)
    at unmount (http://localhost:5174/node_modules/.vite/deps/chunk-MIDCWL3Q.js?v=7147f904:8267:9)
    at unmountChildren (http://localhost:5174/node_modules/.vite/deps/chunk-MIDCWL3Q.js?v=7147f904:8354:7) @ http://localhost:5174/node_modules/.vite/deps/chunk-MIDCWL3Q.js?v=7147f904:2839
[  146088ms] [WARNING] [HMR] Something went wrong during Vue component hot-reload. Full reload required. @ http://localhost:5174/node_modules/.vite/deps/chunk-MIDCWL3Q.js?v=7147f904:2840
