[    6490ms] [WARNING] [Vue warn]: Invalid prop: type check failed for prop "socketId". Expected String with value "undefined", got Undefined  
  at <UserAvatar key=undefined socket-id=undefined color=undefined  ... > 
  at <TopBar active-file-name="main.js" users= Map(2) output-pane-visible=false  ... > 
  at <EditorShell key=1 files= [Object] active-file-id=1  ... > 
  at <App> @ http://localhost:5174/node_modules/.vite/deps/chunk-MIDCWL3Q.js?v=7147f904:2326
[    6490ms] [WARNING] [Vue warn]: Invalid prop: type check failed for prop "color". Expected String with value "undefined", got Undefined  
  at <UserAvatar key=undefined socket-id=undefined color=undefined  ... > 
  at <TopBar active-file-name="main.js" users= Map(2) output-pane-visible=false  ... > 
  at <EditorShell key=1 files= [Object] active-file-id=1  ... > 
  at <App> @ http://localhost:5174/node_modules/.vite/deps/chunk-MIDCWL3Q.js?v=7147f904:2326
[    6491ms] [WARNING] [Vue warn]: Unhandled error during execution of render function 
  at <Primitive key=0 as-child=false as="span"  ... > 
  at <AvatarFallback asChild=false delayMs=undefined as=undefined  ... > 
  at <AvatarFallback class="text-xs font-semibold text-white" style= {backgroundColor: undefined} > 
  at <Primitive as-child=false as="span" class="inline-flex items-center justify-center font-normal text-foreground select-none shrink-0 bg-secondary overflow-hidden text-xs rounded-full h-8 w-8 border-2"  ... > 
  at <AvatarRoot class="inline-flex items-center justify-center font-normal text-foreground select-none shrink-0 bg-secondary overflow-hidden text-xs rounded-full h-8 w-8 border-2" style= {backgroundColor: undefined, borderColor: hsl(var(--border))} title=undefined > 
  at <Avatar class="h-8 w-8 border-2" style= {backgroundColor: undefined, borderColor: hsl(var(--border))} title=undefined > 
  at <UserAvatar key=undefined socket-id=undefined color=undefined  ... > 
  at <TopBar active-file-name="main.js" users= Map(2) output-pane-visible=false  ... > 
  at <EditorShell key=1 files= [Object] active-file-id=1  ... > 
  at <App> @ http://localhost:5174/node_modules/.vite/deps/chunk-MIDCWL3Q.js?v=7147f904:2326
[    6491ms] [WARNING] [Vue warn]: Unhandled error during execution of component update 
  at <TopBar active-file-name="main.js" users= Map(2) output-pane-visible=false  ... > 
  at <EditorShell key=1 files= [Object] active-file-id=1  ... > 
  at <App> @ http://localhost:5174/node_modules/.vite/deps/chunk-MIDCWL3Q.js?v=7147f904:2326
[    6493ms] TypeError: Cannot read properties of undefined (reading 'substring')
    at ComputedRefImpl.fn (http://localhost:5174/src/components/UserAvatar.vue:31:29)
    at refreshComputed (http://localhost:5174/node_modules/.vite/deps/chunk-MIDCWL3Q.js?v=7147f904:837:29)
    at get value (http://localhost:5174/node_modules/.vite/deps/chunk-MIDCWL3Q.js?v=7147f904:2039:5)
    at unref (http://localhost:5174/node_modules/.vite/deps/chunk-MIDCWL3Q.js?v=7147f904:1912:30)
    at Object.get (http://localhost:5174/node_modules/.vite/deps/chunk-MIDCWL3Q.js?v=7147f904:1918:64)
    at http://localhost:5174/src/components/UserAvatar.vue:71:39
    at renderFnWithContext (http://localhost:5174/node_modules/.vite/deps/chunk-MIDCWL3Q.js?v=7147f904:2978:13)
    at renderSlot (http://localhost:5174/node_modules/.vite/deps/chunk-MIDCWL3Q.js?v=7147f904:5346:53)
    at http://localhost:5174/src/components/ui/avatar/AvatarFallback.vue:39:9
    at renderFnWithContext (http://localhost:5174/node_modules/.vite/deps/chunk-MIDCWL3Q.js?v=7147f904:2978:13)
[   36578ms] [WARNING] [Vue warn]: Unhandled error during execution of component update 
  at <App> @ http://localhost:5174/node_modules/.vite/deps/chunk-MIDCWL3Q.js?v=7147f904:2326
[   36580ms] TypeError: Cannot destructure property 'type' of 'vnode' as it is null.
    at unmount (http://localhost:5174/node_modules/.vite/deps/chunk-MIDCWL3Q.js?v=7147f904:8203:7)
    at unmountComponent (http://localhost:5174/node_modules/.vite/deps/chunk-MIDCWL3Q.js?v=7147f904:8340:7)
    at unmount (http://localhost:5174/node_modules/.vite/deps/chunk-MIDCWL3Q.js?v=7147f904:8235:7)
    at unmountComponent (http://localhost:5174/node_modules/.vite/deps/chunk-MIDCWL3Q.js?v=7147f904:8340:7)
    at unmount (http://localhost:5174/node_modules/.vite/deps/chunk-MIDCWL3Q.js?v=7147f904:8235:7)
    at unmountComponent (http://localhost:5174/node_modules/.vite/deps/chunk-MIDCWL3Q.js?v=7147f904:8340:7)
    at unmount (http://localhost:5174/node_modules/.vite/deps/chunk-MIDCWL3Q.js?v=7147f904:8235:7)
    at unmountChildren (http://localhost:5174/node_modules/.vite/deps/chunk-MIDCWL3Q.js?v=7147f904:8354:7)
    at unmount (http://localhost:5174/node_modules/.vite/deps/chunk-MIDCWL3Q.js?v=7147f904:8267:9)
    at unmountChildren (http://localhost:5174/node_modules/.vite/deps/chunk-MIDCWL3Q.js?v=7147f904:8354:7)
[   41713ms] [WARNING] [Vue warn]: Unhandled error during execution of component update 
  at <App> @ http://localhost:5174/node_modules/.vite/deps/chunk-MIDCWL3Q.js?v=7147f904:2326
[   41714ms] TypeError: Cannot read properties of null (reading 'type')
    at unmountComponent (http://localhost:5174/node_modules/.vite/deps/chunk-MIDCWL3Q.js?v=7147f904:8328:18)
    at unmount (http://localhost:5174/node_modules/.vite/deps/chunk-MIDCWL3Q.js?v=7147f904:8235:7)
    at patchKeyedChildren (http://localhost:5174/node_modules/.vite/deps/chunk-MIDCWL3Q.js?v=7147f904:8084:11)
    at patchChildren (http://localhost:5174/node_modules/.vite/deps/chunk-MIDCWL3Q.js?v=7147f904:7858:9)
    at processFragment (http://localhost:5174/node_modules/.vite/deps/chunk-MIDCWL3Q.js?v=7147f904:7538:9)
    at patch (http://localhost:5174/node_modules/.vite/deps/chunk-MIDCWL3Q.js?v=7147f904:7042:9)
    at patchBlockChildren (http://localhost:5174/node_modules/.vite/deps/chunk-MIDCWL3Q.js?v=7147f904:7434:7)
    at patchElement (http://localhost:5174/node_modules/.vite/deps/chunk-MIDCWL3Q.js?v=7147f904:7352:7)
    at processElement (http://localhost:5174/node_modules/.vite/deps/chunk-MIDCWL3Q.js?v=7147f904:7206:9)
    at patch (http://localhost:5174/node_modules/.vite/deps/chunk-MIDCWL3Q.js?v=7147f904:7056:11)
[   49163ms] [ERROR] Failed to load resource: net::ERR_CONNECTION_REFUSED @ http://localhost:3000/socket.io/?EIO=4&transport=polling&t=vtiacdvc:0
[   50709ms] [WARNING] [Vue warn]: Unhandled error during execution of component update 
  at <App> @ http://localhost:5174/node_modules/.vite/deps/chunk-MIDCWL3Q.js?v=7147f904:2326
[   50710ms] TypeError: Cannot read properties of null (reading 'type')
    at unmountComponent (http://localhost:5174/node_modules/.vite/deps/chunk-MIDCWL3Q.js?v=7147f904:8328:18)
    at unmount (http://localhost:5174/node_modules/.vite/deps/chunk-MIDCWL3Q.js?v=7147f904:8235:7)
    at patchKeyedChildren (http://localhost:5174/node_modules/.vite/deps/chunk-MIDCWL3Q.js?v=7147f904:8084:11)
    at patchChildren (http://localhost:5174/node_modules/.vite/deps/chunk-MIDCWL3Q.js?v=7147f904:7858:9)
    at processFragment (http://localhost:5174/node_modules/.vite/deps/chunk-MIDCWL3Q.js?v=7147f904:7538:9)
    at patch (http://localhost:5174/node_modules/.vite/deps/chunk-MIDCWL3Q.js?v=7147f904:7042:9)
    at patchBlockChildren (http://localhost:5174/node_modules/.vite/deps/chunk-MIDCWL3Q.js?v=7147f904:7434:7)
    at patchElement (http://localhost:5174/node_modules/.vite/deps/chunk-MIDCWL3Q.js?v=7147f904:7352:7)
    at processElement (http://localhost:5174/node_modules/.vite/deps/chunk-MIDCWL3Q.js?v=7147f904:7206:9)
    at patch (http://localhost:5174/node_modules/.vite/deps/chunk-MIDCWL3Q.js?v=7147f904:7056:11)
