[    7825ms] [WARNING] [Vue warn]: Invalid prop: type check failed for prop "socketId". Expected String with value "undefined", got Undefined  
  at <UserAvatar key=undefined socket-id=undefined color=undefined  ... > 
  at <TopBar active-file-name="main.js" users= Map(2) output-pane-visible=false  ... > 
  at <EditorShell key=1 files= [Object] active-file-id=1  ... > 
  at <App> @ http://localhost:5174/node_modules/.vite/deps/chunk-MIDCWL3Q.js?v=7147f904:2326
[    7826ms] [WARNING] [Vue warn]: Invalid prop: type check failed for prop "color". Expected String with value "undefined", got Undefined  
  at <UserAvatar key=undefined socket-id=undefined color=undefined  ... > 
  at <TopBar active-file-name="main.js" users= Map(2) output-pane-visible=false  ... > 
  at <EditorShell key=1 files= [Object] active-file-id=1  ... > 
  at <App> @ http://localhost:5174/node_modules/.vite/deps/chunk-MIDCWL3Q.js?v=7147f904:2326
[    7827ms] [WARNING] [Vue warn]: Unhandled error during execution of render function 
  at <Primitive key=0 as-child=false as="span"  ... > 
  at <AvatarFallback asChild=false delayMs=undefined as=undefined  ... > 
  at <AvatarFallback class="text-xs font-semibold text-white" style= {backgroundColor: undefined} > 
  at <Primitive as-child=false as="span" class="inline-flex items-center justify-center font-normal text-foreground select-none shrink-0 bg-secondary overflow-hidden text-xs rounded-full h-8 w-8 border-2"  ... > 
  at <AvatarRoot class="inline-flex items-center justify-center font-normal text-foreground select-none shrink-0 bg-secondary overflow-hidden text-xs rounded-full h-8 w-8 border-2" style= {backgroundColor: undefined, borderColor: hsl(var(--border))} title=undefined > 
  at <Avatar class="h-8 w-8 border-2" style= {backgroundColor: undefined, borderColor: hsl(var(--border))} title=undefined > 
  at <UserAvatar key=undefined socket-id=undefined color=undefined  ... > 
  at <TopBar active-file-name="main.js" users= Map(2) output-pane-visible=false  ... > 
  at <EditorShell key=1 files= [Object] active-file-id=1  ... > 
  at <App> @ http://localhost:5174/node_modules/.vite/deps/chunk-MIDCWL3Q.js?v=7147f904:2326
[    7827ms] [WARNING] [Vue warn]: Unhandled error during execution of component update 
  at <TopBar active-file-name="main.js" users= Map(2) output-pane-visible=false  ... > 
  at <EditorShell key=1 files= [Object] active-file-id=1  ... > 
  at <App> @ http://localhost:5174/node_modules/.vite/deps/chunk-MIDCWL3Q.js?v=7147f904:2326
[    7828ms] [WARNING] [Vue warn]: Unhandled error during execution of component update 
  at <App> @ http://localhost:5174/node_modules/.vite/deps/chunk-MIDCWL3Q.js?v=7147f904:2326
[    7828ms] [WARNING] [Vue warn]: Invalid prop: type check failed for prop "socketId". Expected String with value "undefined", got Undefined  
  at <UserAvatar key=undefined socket-id=undefined color=undefined  ... > 
  at <TopBar active-file-name="main.js" users= Map(2) output-pane-visible=false  ... > 
  at <EditorShell key=1 files= [Object] active-file-id=1  ... > 
  at <App> @ http://localhost:5174/node_modules/.vite/deps/chunk-MIDCWL3Q.js?v=7147f904:2326
[    7828ms] [WARNING] [Vue warn]: Invalid prop: type check failed for prop "color". Expected String with value "undefined", got Undefined  
  at <UserAvatar key=undefined socket-id=undefined color=undefined  ... > 
  at <TopBar active-file-name="main.js" users= Map(2) output-pane-visible=false  ... > 
  at <EditorShell key=1 files= [Object] active-file-id=1  ... > 
  at <App> @ http://localhost:5174/node_modules/.vite/deps/chunk-MIDCWL3Q.js?v=7147f904:2326
[    7829ms] [WARNING] [Vue warn]: Unhandled error during execution of render function 
  at <Primitive key=0 as-child=false as="span"  ... > 
  at <AvatarFallback asChild=false delayMs=undefined as=undefined  ... > 
  at <AvatarFallback class="text-xs font-semibold text-white" style= {backgroundColor: undefined} > 
  at <Primitive as-child=false as="span" class="inline-flex items-center justify-center font-normal text-foreground select-none shrink-0 bg-secondary overflow-hidden text-xs rounded-full h-8 w-8 border-2"  ... > 
  at <AvatarRoot class="inline-flex items-center justify-center font-normal text-foreground select-none shrink-0 bg-secondary overflow-hidden text-xs rounded-full h-8 w-8 border-2" style= {backgroundColor: undefined, borderColor: hsl(var(--border))} title=undefined > 
  at <Avatar class="h-8 w-8 border-2" style= {backgroundColor: undefined, borderColor: hsl(var(--border))} title=undefined > 
  at <UserAvatar key=undefined socket-id=undefined color=undefined  ... > 
  at <TopBar active-file-name="main.js" users= Map(2) output-pane-visible=false  ... > 
  at <EditorShell key=1 files= [Object] active-file-id=1  ... > 
  at <App> @ http://localhost:5174/node_modules/.vite/deps/chunk-MIDCWL3Q.js?v=7147f904:2326
[    7829ms] [WARNING] [Vue warn]: Unhandled error during execution of component update 
  at <TopBar active-file-name="main.js" users= Map(2) output-pane-visible=false  ... > 
  at <EditorShell key=1 files= [Object] active-file-id=1  ... > 
  at <App> @ http://localhost:5174/node_modules/.vite/deps/chunk-MIDCWL3Q.js?v=7147f904:2326
[    7835ms] TypeError: Cannot read properties of undefined (reading 'substring')
    at ComputedRefImpl.fn (http://localhost:5174/src/components/UserAvatar.vue:31:29)
    at refreshComputed (http://localhost:5174/node_modules/.vite/deps/chunk-MIDCWL3Q.js?v=7147f904:837:29)
    at get value (http://localhost:5174/node_modules/.vite/deps/chunk-MIDCWL3Q.js?v=7147f904:2039:5)
    at unref (http://localhost:5174/node_modules/.vite/deps/chunk-MIDCWL3Q.js?v=7147f904:1912:30)
    at Object.get (http://localhost:5174/node_modules/.vite/deps/chunk-MIDCWL3Q.js?v=7147f904:1918:64)
    at http://localhost:5174/src/components/UserAvatar.vue:71:39
    at renderFnWithContext (http://localhost:5174/node_modules/.vite/deps/chunk-MIDCWL3Q.js?v=7147f904:2978:13)
    at renderSlot (http://localhost:5174/node_modules/.vite/deps/chunk-MIDCWL3Q.js?v=7147f904:5346:53)
    at http://localhost:5174/src/components/ui/avatar/AvatarFallback.vue:39:9
    at renderFnWithContext (http://localhost:5174/node_modules/.vite/deps/chunk-MIDCWL3Q.js?v=7147f904:2978:13)
[    7836ms] TypeError: Cannot destructure property 'type' of 'vnode' as it is null.
    at unmount (http://localhost:5174/node_modules/.vite/deps/chunk-MIDCWL3Q.js?v=7147f904:8203:7)
    at unmountComponent (http://localhost:5174/node_modules/.vite/deps/chunk-MIDCWL3Q.js?v=7147f904:8340:7)
    at unmount (http://localhost:5174/node_modules/.vite/deps/chunk-MIDCWL3Q.js?v=7147f904:8235:7)
    at unmountComponent (http://localhost:5174/node_modules/.vite/deps/chunk-MIDCWL3Q.js?v=7147f904:8340:7)
    at unmount (http://localhost:5174/node_modules/.vite/deps/chunk-MIDCWL3Q.js?v=7147f904:8235:7)
    at unmountComponent (http://localhost:5174/node_modules/.vite/deps/chunk-MIDCWL3Q.js?v=7147f904:8340:7)
    at unmount (http://localhost:5174/node_modules/.vite/deps/chunk-MIDCWL3Q.js?v=7147f904:8235:7)
    at unmountChildren (http://localhost:5174/node_modules/.vite/deps/chunk-MIDCWL3Q.js?v=7147f904:8354:7)
    at unmount (http://localhost:5174/node_modules/.vite/deps/chunk-MIDCWL3Q.js?v=7147f904:8267:9)
    at unmountChildren (http://localhost:5174/node_modules/.vite/deps/chunk-MIDCWL3Q.js?v=7147f904:8354:7)
[    7836ms] TypeError: Cannot read properties of undefined (reading 'substring')
    at ComputedRefImpl.fn (http://localhost:5174/src/components/UserAvatar.vue:31:29)
    at refreshComputed (http://localhost:5174/node_modules/.vite/deps/chunk-MIDCWL3Q.js?v=7147f904:837:29)
    at get value (http://localhost:5174/node_modules/.vite/deps/chunk-MIDCWL3Q.js?v=7147f904:2039:5)
    at unref (http://localhost:5174/node_modules/.vite/deps/chunk-MIDCWL3Q.js?v=7147f904:1912:30)
    at Object.get (http://localhost:5174/node_modules/.vite/deps/chunk-MIDCWL3Q.js?v=7147f904:1918:64)
    at http://localhost:5174/src/components/UserAvatar.vue:71:39
    at renderFnWithContext (http://localhost:5174/node_modules/.vite/deps/chunk-MIDCWL3Q.js?v=7147f904:2978:13)
    at renderSlot (http://localhost:5174/node_modules/.vite/deps/chunk-MIDCWL3Q.js?v=7147f904:5346:53)
    at http://localhost:5174/src/components/ui/avatar/AvatarFallback.vue:39:9
    at renderFnWithContext (http://localhost:5174/node_modules/.vite/deps/chunk-MIDCWL3Q.js?v=7147f904:2978:13)
[   21295ms] [WARNING] [Vue warn]: Unhandled error during execution of component update 
  at <App> @ http://localhost:5174/node_modules/.vite/deps/chunk-MIDCWL3Q.js?v=7147f904:2326
[   21305ms] TypeError: Cannot read properties of null (reading 'emitsOptions')
    at shouldUpdateComponent (http://localhost:5174/node_modules/.vite/deps/chunk-MIDCWL3Q.js?v=7147f904:9074:27)
    at updateComponent (http://localhost:5174/node_modules/.vite/deps/chunk-MIDCWL3Q.js?v=7147f904:7629:9)
    at processComponent (http://localhost:5174/node_modules/.vite/deps/chunk-MIDCWL3Q.js?v=7147f904:7575:7)
    at patch (http://localhost:5174/node_modules/.vite/deps/chunk-MIDCWL3Q.js?v=7147f904:7068:11)
    at patchBlockChildren (http://localhost:5174/node_modules/.vite/deps/chunk-MIDCWL3Q.js?v=7147f904:7434:7)
    at patchElement (http://localhost:5174/node_modules/.vite/deps/chunk-MIDCWL3Q.js?v=7147f904:7352:7)
    at processElement (http://localhost:5174/node_modules/.vite/deps/chunk-MIDCWL3Q.js?v=7147f904:7206:9)
    at patch (http://localhost:5174/node_modules/.vite/deps/chunk-MIDCWL3Q.js?v=7147f904:7056:11)
    at ReactiveEffect.componentUpdateFn [as fn] (http://localhost:5174/node_modules/.vite/deps/chunk-MIDCWL3Q.js?v=7147f904:7790:9)
    at ReactiveEffect.run (http://localhost:5174/node_modules/.vite/deps/chunk-MIDCWL3Q.js?v=7147f904:683:19)
[   24452ms] [WARNING] [Vue warn]: Unhandled error during execution of component update 
  at <TopBar active-file-name="main.js" users= Map(2) output-pane-visible=false  ... > 
  at <EditorShell key=1 files= [Object] active-file-id=1  ... > 
  at <App> @ http://localhost:5174/node_modules/.vite/deps/chunk-MIDCWL3Q.js?v=7147f904:2326
[   24481ms] TypeError: Cannot set properties of null (setting '__vnode')
    at patchElement (http://localhost:5174/node_modules/.vite/deps/chunk-MIDCWL3Q.js?v=7147f904:7328:18)
    at processElement (http://localhost:5174/node_modules/.vite/deps/chunk-MIDCWL3Q.js?v=7147f904:7206:9)
    at patch (http://localhost:5174/node_modules/.vite/deps/chunk-MIDCWL3Q.js?v=7147f904:7056:11)
    at patchBlockChildren (http://localhost:5174/node_modules/.vite/deps/chunk-MIDCWL3Q.js?v=7147f904:7434:7)
    at patchElement (http://localhost:5174/node_modules/.vite/deps/chunk-MIDCWL3Q.js?v=7147f904:7352:7)
    at processElement (http://localhost:5174/node_modules/.vite/deps/chunk-MIDCWL3Q.js?v=7147f904:7206:9)
    at patch (http://localhost:5174/node_modules/.vite/deps/chunk-MIDCWL3Q.js?v=7147f904:7056:11)
    at ReactiveEffect.componentUpdateFn [as fn] (http://localhost:5174/node_modules/.vite/deps/chunk-MIDCWL3Q.js?v=7147f904:7790:9)
    at ReactiveEffect.run (http://localhost:5174/node_modules/.vite/deps/chunk-MIDCWL3Q.js?v=7147f904:683:19)
    at ReactiveEffect.runIfDirty (http://localhost:5174/node_modules/.vite/deps/chunk-MIDCWL3Q.js?v=7147f904:721:12)
[   25954ms] [WARNING] [Vue warn]: Unhandled error during execution of component update 
  at <TopBar active-file-name="main.js" users= Map(2) output-pane-visible=false  ... > 
  at <EditorShell key=1 files= [Object] active-file-id=1  ... > 
  at <App> @ http://localhost:5174/node_modules/.vite/deps/chunk-MIDCWL3Q.js?v=7147f904:2326
[   25958ms] TypeError: Cannot set properties of null (setting '__vnode')
    at patchElement (http://localhost:5174/node_modules/.vite/deps/chunk-MIDCWL3Q.js?v=7147f904:7328:18)
    at processElement (http://localhost:5174/node_modules/.vite/deps/chunk-MIDCWL3Q.js?v=7147f904:7206:9)
    at patch (http://localhost:5174/node_modules/.vite/deps/chunk-MIDCWL3Q.js?v=7147f904:7056:11)
    at patchBlockChildren (http://localhost:5174/node_modules/.vite/deps/chunk-MIDCWL3Q.js?v=7147f904:7434:7)
    at patchElement (http://localhost:5174/node_modules/.vite/deps/chunk-MIDCWL3Q.js?v=7147f904:7352:7)
    at processElement (http://localhost:5174/node_modules/.vite/deps/chunk-MIDCWL3Q.js?v=7147f904:7206:9)
    at patch (http://localhost:5174/node_modules/.vite/deps/chunk-MIDCWL3Q.js?v=7147f904:7056:11)
    at ReactiveEffect.componentUpdateFn [as fn] (http://localhost:5174/node_modules/.vite/deps/chunk-MIDCWL3Q.js?v=7147f904:7790:9)
    at ReactiveEffect.run (http://localhost:5174/node_modules/.vite/deps/chunk-MIDCWL3Q.js?v=7147f904:683:19)
    at ReactiveEffect.runIfDirty (http://localhost:5174/node_modules/.vite/deps/chunk-MIDCWL3Q.js?v=7147f904:721:12)
[   89669ms] [ERROR] TypeError: Cannot destructure property 'type' of 'vnode' as it is null.
    at unmount (http://localhost:5174/node_modules/.vite/deps/chunk-MIDCWL3Q.js?v=7147f904:8203:7)
    at unmountComponent (http://localhost:5174/node_modules/.vite/deps/chunk-MIDCWL3Q.js?v=7147f904:8340:7)
    at unmount (http://localhost:5174/node_modules/.vite/deps/chunk-MIDCWL3Q.js?v=7147f904:8235:7)
    at unmountComponent (http://localhost:5174/node_modules/.vite/deps/chunk-MIDCWL3Q.js?v=7147f904:8340:7)
    at unmount (http://localhost:5174/node_modules/.vite/deps/chunk-MIDCWL3Q.js?v=7147f904:8235:7)
    at unmountComponent (http://localhost:5174/node_modules/.vite/deps/chunk-MIDCWL3Q.js?v=7147f904:8340:7)
    at unmount (http://localhost:5174/node_modules/.vite/deps/chunk-MIDCWL3Q.js?v=7147f904:8235:7)
    at unmountChildren (http://localhost:5174/node_modules/.vite/deps/chunk-MIDCWL3Q.js?v=7147f904:8354:7)
    at unmount (http://localhost:5174/node_modules/.vite/deps/chunk-MIDCWL3Q.js?v=7147f904:8267:9)
    at unmountChildren (http://localhost:5174/node_modules/.vite/deps/chunk-MIDCWL3Q.js?v=7147f904:8354:7) @ http://localhost:5174/node_modules/.vite/deps/chunk-MIDCWL3Q.js?v=7147f904:2839
[   89669ms] [WARNING] [HMR] Something went wrong during Vue component hot-reload. Full reload required. @ http://localhost:5174/node_modules/.vite/deps/chunk-MIDCWL3Q.js?v=7147f904:2840
